[dotenv] Set [36mCHAT_APP_DATABASE_PASSWORD[0m and [36mCHAT_APP_DATABASE_USERNAME[0m
[dotenv] Loaded [33m.env[0m
[dotenv] Loaded [33m.env[0m
[dotenv] Set [36mCHAT_APP_DATABASE_PASSWORD[0m, [36mCHAT_APP_DATABASE_USERNAME[0m, [36mCHAT_APP_DATABASE_DEVELOP[0m, and [36mCHAT_APP_DATABASE_TEST[0m
[dotenv] Loaded [33m.env[0m
[dotenv] Loaded [33m.env[0m
[dotenv] Set [36mCHAT_APP_DATABASE_PASSWORD[0m, [36mCHAT_APP_DATABASE_USERNAME[0m, [36mCHAT_APP_DATABASE_DEVELOP[0m, and [36mCHAT_APP_DATABASE_TEST[0m
[dotenv] Loaded [33m.env[0m
[dotenv] Loaded [33m.env[0m
[dotenv] Set [36mCHAT_APP_DATABASE_PASSWORD[0m, [36mCHAT_APP_DATABASE_USERNAME[0m, [36mCHAT_APP_DATABASE_DEVELOP[0m, and [36mCHAT_APP_DATABASE_TEST[0m
[dotenv] Loaded [33m.env[0m
[dotenv] Loaded [33m.env[0m
[dotenv] Set [36mCHAT_APP_DATABASE_PASSWORD[0m, [36mCHAT_APP_DATABASE_USERNAME[0m, [36mCHAT_APP_DATABASE_DEVELOP[0m, and [36mCHAT_APP_DATABASE_TEST[0m
[dotenv] Loaded [33m.env[0m
[dotenv] Loaded [33m.env[0m
[dotenv] Set [36mCHAT_APP_DATABASE_PASSWORD[0m, [36mCHAT_APP_DATABASE_USERNAME[0m, [36mCHAT_APP_DATABASE_DEVELOP[0m, and [36mCHAT_APP_DATABASE_TEST[0m
[dotenv] Loaded [33m.env[0m
[dotenv] Loaded [33m.env[0m
  [1m[35m (210.9ms)[0m  [1m[35mCREATE DATABASE "chat-app-dev-db" ENCODING = 'unicode'[0m
  [1m[35m (117.7ms)[0m  [1m[35mCREATE DATABASE "chat-app-test-db" ENCODING = 'unicode'[0m
[dotenv] Set [36mCHAT_APP_DATABASE_PASSWORD[0m, [36mCHAT_APP_DATABASE_USERNAME[0m, [36mCHAT_APP_DATABASE_DEVELOP[0m, and [36mCHAT_APP_DATABASE_TEST[0m
[dotenv] Loaded [33m.env[0m
[dotenv] Loaded [33m.env[0m
Started GET "/" for 127.0.0.1 at 2024-07-06 23:50:53 -0500
  [1m[35m (25.4ms)[0m  [1m[35mCREATE TABLE "schema_migrations" ("version" character varying NOT NULL PRIMARY KEY)[0m
  [1m[35m (8.0ms)[0m  [1m[35mCREATE TABLE "ar_internal_metadata" ("key" character varying NOT NULL PRIMARY KEY, "value" character varying, "created_at" timestamp(6) NOT NULL, "updated_at" timestamp(6) NOT NULL)[0m
  [1m[36mActiveRecord::SchemaMigration Load (0.4ms)[0m  [1m[34mSELECT "schema_migrations"."version" FROM "schema_migrations" ORDER BY "schema_migrations"."version" ASC[0m
Processing by Rails::WelcomeController#index as */*
  Rendering /var/lib/gems/3.0.0/gems/railties-7.1.3.4/lib/rails/templates/rails/welcome/index.html.erb
  Rendered /var/lib/gems/3.0.0/gems/railties-7.1.3.4/lib/rails/templates/rails/welcome/index.html.erb (Duration: 0.9ms | Allocations: 576)
Completed 200 OK in 22ms (Views: 11.2ms | ActiveRecord: 0.0ms | Allocations: 8971)


Started GET "/" for 127.0.0.1 at 2024-07-06 23:51:11 -0500
Processing by Rails::WelcomeController#index as HTML
  Rendering /var/lib/gems/3.0.0/gems/railties-7.1.3.4/lib/rails/templates/rails/welcome/index.html.erb
  Rendered /var/lib/gems/3.0.0/gems/railties-7.1.3.4/lib/rails/templates/rails/welcome/index.html.erb (Duration: 0.1ms | Allocations: 24)
Completed 200 OK in 3ms (Views: 0.9ms | ActiveRecord: 0.0ms | Allocations: 402)


[dotenv] Set [36mCHAT_APP_DATABASE_PASSWORD[0m, [36mCHAT_APP_DATABASE_USERNAME[0m, [36mCHAT_APP_DATABASE_DEVELOP[0m, and [36mCHAT_APP_DATABASE_TEST[0m
[dotenv] Loaded [33m.env[0m
[dotenv] Loaded [33m.env[0m
[dotenv] Set [36mCHAT_APP_DATABASE_PASSWORD[0m, [36mCHAT_APP_DATABASE_USERNAME[0m, [36mCHAT_APP_DATABASE_DEVELOP[0m, and [36mCHAT_APP_DATABASE_TEST[0m
[dotenv] Loaded [33m.env[0m
[dotenv] Loaded [33m.env[0m
[dotenv] Set [36mCHAT_APP_DATABASE_PASSWORD[0m, [36mCHAT_APP_DATABASE_USERNAME[0m, [36mCHAT_APP_DATABASE_DEVELOP[0m, and [36mCHAT_APP_DATABASE_TEST[0m
[dotenv] Loaded [33m.env[0m
[dotenv] Loaded [33m.env[0m
[dotenv] Set [36mCHAT_APP_DATABASE_PASSWORD[0m, [36mCHAT_APP_DATABASE_USERNAME[0m, [36mCHAT_APP_DATABASE_DEVELOP[0m, [36mCHAT_APP_DATABASE_HOST[0m, [36mCHAT_APP_DATABASE_TEST[0m, [36mCHAT_APP_DATABASE_PASSWORD_TEST[0m, [36mCHAT_APP_DATABASE_USERNAME_TEST[0m, and [36mCHAT_APP_DATABASE_HOST_TEST[0m
[dotenv] Loaded [33m.env[0m
[dotenv] Loaded [33m.env[0m
[dotenv] Set [36mCHAT_APP_DATABASE_PASSWORD[0m, [36mCHAT_APP_DATABASE_USERNAME[0m, [36mCHAT_APP_DATABASE_DEVELOP[0m, [36mCHAT_APP_DATABASE_HOST[0m, [36mCHAT_APP_DATABASE_TEST[0m, [36mCHAT_APP_DATABASE_PASSWORD_TEST[0m, [36mCHAT_APP_DATABASE_USERNAME_TEST[0m, and [36mCHAT_APP_DATABASE_HOST_TEST[0m
[dotenv] Loaded [33m.env[0m
[dotenv] Loaded [33m.env[0m
  [1m[35m (36.4ms)[0m  [1m[35mCREATE TABLE "schema_migrations" ("version" character varying NOT NULL PRIMARY KEY)[0m
  [1m[35m (12.7ms)[0m  [1m[35mCREATE TABLE "ar_internal_metadata" ("key" character varying NOT NULL PRIMARY KEY, "value" character varying, "created_at" timestamp(6) NOT NULL, "updated_at" timestamp(6) NOT NULL)[0m
  [1m[35m (0.2ms)[0m  [1m[34mSELECT pg_try_advisory_lock(2784449291698216800)[0m
  [1m[36mActiveRecord::SchemaMigration Load (0.5ms)[0m  [1m[34mSELECT "schema_migrations"."version" FROM "schema_migrations" ORDER BY "schema_migrations"."version" ASC[0m
  [1m[36mActiveRecord::InternalMetadata Load (1.0ms)[0m  [1m[34mSELECT * FROM "ar_internal_metadata" WHERE "ar_internal_metadata"."key" = $1 ORDER BY "ar_internal_metadata"."key" ASC LIMIT 1[0m  [[nil, "environment"]]
  [1m[36mActiveRecord::InternalMetadata Create (4.2ms)[0m  [1m[32mINSERT INTO "ar_internal_metadata" ("key", "value", "created_at", "updated_at") VALUES ('environment', 'development', '2024-07-07 21:13:24.561030', '2024-07-07 21:13:24.561036') RETURNING "key"[0m
Migrating to CreateUsers (20240707204715)
  [1m[36mTRANSACTION (0.4ms)[0m  [1m[35mBEGIN[0m
  [1m[35m (13.3ms)[0m  [1m[35mCREATE TABLE "users" ("id" bigserial primary key, "name" character varying, "email" character varying, "password" character varying, "birth_date" timestamp(6), "created_at" timestamp(6) NOT NULL, "updated_at" timestamp(6) NOT NULL)[0m
  [1m[36mActiveRecord::SchemaMigration Create (0.4ms)[0m  [1m[32mINSERT INTO "schema_migrations" ("version") VALUES ('20240707204715') RETURNING "version"[0m
  [1m[36mTRANSACTION (2.9ms)[0m  [1m[35mCOMMIT[0m
  [1m[35m (0.6ms)[0m  [1m[34mSELECT pg_advisory_unlock(2784449291698216800)[0m
  [1m[36mActiveRecord::SchemaMigration Load (0.2ms)[0m  [1m[34mSELECT "schema_migrations"."version" FROM "schema_migrations" ORDER BY "schema_migrations"."version" ASC[0m
[dotenv] Set [36mCHAT_APP_DATABASE_PASSWORD[0m, [36mCHAT_APP_DATABASE_USERNAME[0m, [36mCHAT_APP_DATABASE_DEVELOP[0m, [36mCHAT_APP_DATABASE_HOST[0m, [36mCHAT_APP_DATABASE_TEST[0m, [36mCHAT_APP_DATABASE_PASSWORD_TEST[0m, [36mCHAT_APP_DATABASE_USERNAME_TEST[0m, and [36mCHAT_APP_DATABASE_HOST_TEST[0m
[dotenv] Loaded [33m.env[0m
[dotenv] Loaded [33m.env[0m
[dotenv] Set [36mCHAT_APP_DATABASE_PASSWORD[0m, [36mCHAT_APP_DATABASE_USERNAME[0m, [36mCHAT_APP_DATABASE_DEVELOP[0m, [36mCHAT_APP_DATABASE_HOST[0m, [36mCHAT_APP_DATABASE_TEST[0m, [36mCHAT_APP_DATABASE_PASSWORD_TEST[0m, [36mCHAT_APP_DATABASE_USERNAME_TEST[0m, and [36mCHAT_APP_DATABASE_HOST_TEST[0m
[dotenv] Loaded [33m.env[0m
[dotenv] Loaded [33m.env[0m
[dotenv] Set [36mCHAT_APP_DATABASE_PASSWORD[0m, [36mCHAT_APP_DATABASE_USERNAME[0m, [36mCHAT_APP_DATABASE_DEVELOP[0m, [36mCHAT_APP_DATABASE_HOST[0m, [36mCHAT_APP_DATABASE_TEST[0m, [36mCHAT_APP_DATABASE_PASSWORD_TEST[0m, [36mCHAT_APP_DATABASE_USERNAME_TEST[0m, and [36mCHAT_APP_DATABASE_HOST_TEST[0m
[dotenv] Loaded [33m.env[0m
[dotenv] Loaded [33m.env[0m
  [1m[36mActiveRecord::SchemaMigration Load (3.3ms)[0m  [1m[34mSELECT "schema_migrations"."version" FROM "schema_migrations" ORDER BY "schema_migrations"."version" ASC[0m
  [1m[36mActiveRecord::InternalMetadata Load (3.1ms)[0m  [1m[34mSELECT * FROM "ar_internal_metadata" WHERE "ar_internal_metadata"."key" = $1 ORDER BY "ar_internal_metadata"."key" ASC LIMIT 1[0m  [[nil, "environment"]]
  [1m[36mActiveRecord::SchemaMigration Load (0.6ms)[0m  [1m[34mSELECT "schema_migrations"."version" FROM "schema_migrations" ORDER BY "schema_migrations"."version" ASC[0m
  [1m[36mActiveRecord::InternalMetadata Load (0.6ms)[0m  [1m[34mSELECT * FROM "ar_internal_metadata" WHERE "ar_internal_metadata"."key" = $1 ORDER BY "ar_internal_metadata"."key" ASC LIMIT 1[0m  [[nil, "environment"]]
  [1m[36mActiveRecord::SchemaMigration Load (0.4ms)[0m  [1m[34mSELECT "schema_migrations"."version" FROM "schema_migrations" ORDER BY "schema_migrations"."version" ASC[0m
  [1m[36mActiveRecord::InternalMetadata Load (0.6ms)[0m  [1m[34mSELECT * FROM "ar_internal_metadata" WHERE "ar_internal_metadata"."key" = $1 ORDER BY "ar_internal_metadata"."key" ASC LIMIT 1[0m  [[nil, "environment"]]
  [1m[35m (77.4ms)[0m  [1m[35mDROP DATABASE IF EXISTS "chat-app-dev-db"[0m
  [1m[35m (48.7ms)[0m  [1m[35mDROP DATABASE IF EXISTS "chat-app-test-db"[0m
[dotenv] Set [36mCHAT_APP_DATABASE_PASSWORD[0m, [36mCHAT_APP_DATABASE_USERNAME[0m, [36mCHAT_APP_DATABASE_DEVELOP[0m, [36mCHAT_APP_DATABASE_HOST[0m, [36mCHAT_APP_DATABASE_TEST[0m, [36mCHAT_APP_DATABASE_PASSWORD_TEST[0m, [36mCHAT_APP_DATABASE_USERNAME_TEST[0m, and [36mCHAT_APP_DATABASE_HOST_TEST[0m
[dotenv] Loaded [33m.env[0m
[dotenv] Loaded [33m.env[0m
[dotenv] Set [36mCHAT_APP_DATABASE_PASSWORD[0m, [36mCHAT_APP_DATABASE_USERNAME[0m, [36mCHAT_APP_DATABASE_DEVELOP[0m, [36mCHAT_APP_DATABASE_HOST[0m, [36mCHAT_APP_DATABASE_TEST[0m, [36mCHAT_APP_DATABASE_PASSWORD_TEST[0m, [36mCHAT_APP_DATABASE_USERNAME_TEST[0m, and [36mCHAT_APP_DATABASE_HOST_TEST[0m
[dotenv] Loaded [33m.env[0m
[dotenv] Loaded [33m.env[0m
  [1m[35m (193.2ms)[0m  [1m[35mCREATE DATABASE "chat-app-dev-db" ENCODING = 'unicode'[0m
  [1m[35m (169.1ms)[0m  [1m[35mCREATE DATABASE "chat-app-test-db" ENCODING = 'unicode'[0m
[dotenv] Set [36mCHAT_APP_DATABASE_PASSWORD[0m, [36mCHAT_APP_DATABASE_USERNAME[0m, [36mCHAT_APP_DATABASE_DEVELOP[0m, [36mCHAT_APP_DATABASE_HOST[0m, [36mCHAT_APP_DATABASE_TEST[0m, [36mCHAT_APP_DATABASE_PASSWORD_TEST[0m, [36mCHAT_APP_DATABASE_USERNAME_TEST[0m, and [36mCHAT_APP_DATABASE_HOST_TEST[0m
[dotenv] Loaded [33m.env[0m
[dotenv] Loaded [33m.env[0m
  [1m[35m (21.8ms)[0m  [1m[35mCREATE TABLE "schema_migrations" ("version" character varying NOT NULL PRIMARY KEY)[0m
  [1m[35m (16.0ms)[0m  [1m[35mCREATE TABLE "ar_internal_metadata" ("key" character varying NOT NULL PRIMARY KEY, "value" character varying, "created_at" timestamp(6) NOT NULL, "updated_at" timestamp(6) NOT NULL)[0m
  [1m[35m (0.5ms)[0m  [1m[34mSELECT pg_try_advisory_lock(2784449291698216800)[0m
  [1m[36mActiveRecord::SchemaMigration Load (1.2ms)[0m  [1m[34mSELECT "schema_migrations"."version" FROM "schema_migrations" ORDER BY "schema_migrations"."version" ASC[0m
  [1m[36mActiveRecord::InternalMetadata Load (1.3ms)[0m  [1m[34mSELECT * FROM "ar_internal_metadata" WHERE "ar_internal_metadata"."key" = $1 ORDER BY "ar_internal_metadata"."key" ASC LIMIT 1[0m  [[nil, "environment"]]
  [1m[36mActiveRecord::InternalMetadata Create (3.9ms)[0m  [1m[32mINSERT INTO "ar_internal_metadata" ("key", "value", "created_at", "updated_at") VALUES ('environment', 'development', '2024-07-11 06:25:15.417435', '2024-07-11 06:25:15.417439') RETURNING "key"[0m
Migrating to CreateUsers (20240707053953)
  [1m[36mTRANSACTION (0.5ms)[0m  [1m[35mBEGIN[0m
  [1m[35m (16.2ms)[0m  [1m[35mCREATE TABLE "users" ("id" bigserial primary key, "name" character varying, "email" character varying, "password" character varying, "birth_date" timestamp(6), "created_at" timestamp(6) NOT NULL, "updated_at" timestamp(6) NOT NULL)[0m
  [1m[36mActiveRecord::SchemaMigration Create (0.8ms)[0m  [1m[32mINSERT INTO "schema_migrations" ("version") VALUES ('20240707053953') RETURNING "version"[0m
  [1m[36mTRANSACTION (2.7ms)[0m  [1m[35mCOMMIT[0m
Migrating to CreateConversations (20240707053954)
  [1m[36mTRANSACTION (0.5ms)[0m  [1m[35mBEGIN[0m
  [1m[35m (11.8ms)[0m  [1m[35mCREATE TABLE "conversations" ("id" bigserial primary key, "user1_id" bigint NOT NULL, "user2_id" bigint NOT NULL, "created_at" timestamp(6) NOT NULL, "updated_at" timestamp(6) NOT NULL, CONSTRAINT "fk_rails_f5e07cc613"
FOREIGN KEY ("user1_id")
  REFERENCES "users" ("id")
, CONSTRAINT "fk_rails_2ac5887405"
FOREIGN KEY ("user2_id")
  REFERENCES "users" ("id")
)[0m
  [1m[35m (5.2ms)[0m  [1m[35mCREATE INDEX "index_conversations_on_user1_id" ON "conversations" ("user1_id")[0m
  [1m[35m (6.5ms)[0m  [1m[35mCREATE INDEX "index_conversations_on_user2_id" ON "conversations" ("user2_id")[0m
  [1m[36mActiveRecord::SchemaMigration Create (0.6ms)[0m  [1m[32mINSERT INTO "schema_migrations" ("version") VALUES ('20240707053954') RETURNING "version"[0m
  [1m[36mTRANSACTION (2.9ms)[0m  [1m[35mCOMMIT[0m
Migrating to CreateMessages (20240707053955)
  [1m[35m (0.7ms)[0m  [1m[34mSELECT pg_advisory_unlock(2784449291698216800)[0m
[dotenv] Set [36mCHAT_APP_DATABASE_PASSWORD[0m, [36mCHAT_APP_DATABASE_USERNAME[0m, [36mCHAT_APP_DATABASE_DEVELOP[0m, [36mCHAT_APP_DATABASE_HOST[0m, [36mCHAT_APP_DATABASE_TEST[0m, [36mCHAT_APP_DATABASE_PASSWORD_TEST[0m, [36mCHAT_APP_DATABASE_USERNAME_TEST[0m, and [36mCHAT_APP_DATABASE_HOST_TEST[0m
[dotenv] Loaded [33m.env[0m
[dotenv] Loaded [33m.env[0m
  [1m[35m (0.3ms)[0m  [1m[34mSELECT pg_try_advisory_lock(2784449291698216800)[0m
  [1m[36mActiveRecord::SchemaMigration Load (1.1ms)[0m  [1m[34mSELECT "schema_migrations"."version" FROM "schema_migrations" ORDER BY "schema_migrations"."version" ASC[0m
  [1m[36mActiveRecord::InternalMetadata Load (0.9ms)[0m  [1m[34mSELECT * FROM "ar_internal_metadata" WHERE "ar_internal_metadata"."key" = $1 ORDER BY "ar_internal_metadata"."key" ASC LIMIT 1[0m  [[nil, "environment"]]
Migrating to CreateMessages (20240707053955)
  [1m[36mTRANSACTION (0.3ms)[0m  [1m[35mBEGIN[0m
  [1m[35m (13.7ms)[0m  [1m[35mCREATE TABLE "messages" ("id" bigserial primary key, "content" character varying NOT NULL, "deleted_at" timestamp(6), "conversations_id" bigint NOT NULL, "users_id" bigint NOT NULL, "created_at" timestamp(6) NOT NULL, "updated_at" timestamp(6) NOT NULL, CONSTRAINT "fk_rails_0caa572f56"
FOREIGN KEY ("conversations_id")
  REFERENCES "conversations" ("id")
, CONSTRAINT "fk_rails_e3b11c0cbb"
FOREIGN KEY ("users_id")
  REFERENCES "users" ("id")
)[0m
  [1m[35m (5.0ms)[0m  [1m[35mCREATE INDEX "index_messages_on_conversations_id" ON "messages" ("conversations_id")[0m
  [1m[35m (5.1ms)[0m  [1m[35mCREATE INDEX "index_messages_on_users_id" ON "messages" ("users_id")[0m
  [1m[36mActiveRecord::SchemaMigration Create (0.6ms)[0m  [1m[32mINSERT INTO "schema_migrations" ("version") VALUES ('20240707053955') RETURNING "version"[0m
  [1m[36mTRANSACTION (2.4ms)[0m  [1m[35mCOMMIT[0m
  [1m[35m (0.6ms)[0m  [1m[34mSELECT pg_advisory_unlock(2784449291698216800)[0m
  [1m[36mActiveRecord::SchemaMigration Load (0.4ms)[0m  [1m[34mSELECT "schema_migrations"."version" FROM "schema_migrations" ORDER BY "schema_migrations"."version" ASC[0m
[dotenv] Set [36mCHAT_APP_DATABASE_PASSWORD[0m, [36mCHAT_APP_DATABASE_USERNAME[0m, [36mCHAT_APP_DATABASE_DEVELOP[0m, [36mCHAT_APP_DATABASE_HOST[0m, [36mCHAT_APP_DATABASE_TEST[0m, [36mCHAT_APP_DATABASE_PASSWORD_TEST[0m, [36mCHAT_APP_DATABASE_USERNAME_TEST[0m, and [36mCHAT_APP_DATABASE_HOST_TEST[0m
[dotenv] Loaded [33m.env[0m
[dotenv] Loaded [33m.env[0m
  [1m[36mActiveRecord::SchemaMigration Load (1.0ms)[0m  [1m[34mSELECT "schema_migrations"."version" FROM "schema_migrations" ORDER BY "schema_migrations"."version" ASC[0m
  [1m[36mActiveRecord::InternalMetadata Load (1.4ms)[0m  [1m[34mSELECT * FROM "ar_internal_metadata" WHERE "ar_internal_metadata"."key" = $1 ORDER BY "ar_internal_metadata"."key" ASC LIMIT 1[0m  [[nil, "environment"]]
  [1m[36mActiveRecord::SchemaMigration Load (0.6ms)[0m  [1m[34mSELECT "schema_migrations"."version" FROM "schema_migrations" ORDER BY "schema_migrations"."version" ASC[0m
  [1m[36mActiveRecord::InternalMetadata Load (0.6ms)[0m  [1m[34mSELECT * FROM "ar_internal_metadata" WHERE "ar_internal_metadata"."key" = $1 ORDER BY "ar_internal_metadata"."key" ASC LIMIT 1[0m  [[nil, "environment"]]
  [1m[36mActiveRecord::SchemaMigration Load (0.6ms)[0m  [1m[34mSELECT "schema_migrations"."version" FROM "schema_migrations" ORDER BY "schema_migrations"."version" ASC[0m
  [1m[36mActiveRecord::InternalMetadata Load (0.6ms)[0m  [1m[34mSELECT * FROM "ar_internal_metadata" WHERE "ar_internal_metadata"."key" = $1 ORDER BY "ar_internal_metadata"."key" ASC LIMIT 1[0m  [[nil, "environment"]]
  [1m[35m (48.2ms)[0m  [1m[35mDROP DATABASE IF EXISTS "chat-app-dev-db"[0m
  [1m[35m (41.8ms)[0m  [1m[35mDROP DATABASE IF EXISTS "chat-app-test-db"[0m
[dotenv] Set [36mCHAT_APP_DATABASE_PASSWORD[0m, [36mCHAT_APP_DATABASE_USERNAME[0m, [36mCHAT_APP_DATABASE_DEVELOP[0m, [36mCHAT_APP_DATABASE_HOST[0m, [36mCHAT_APP_DATABASE_TEST[0m, [36mCHAT_APP_DATABASE_PASSWORD_TEST[0m, [36mCHAT_APP_DATABASE_USERNAME_TEST[0m, and [36mCHAT_APP_DATABASE_HOST_TEST[0m
[dotenv] Loaded [33m.env[0m
[dotenv] Loaded [33m.env[0m
  [1m[35m (186.0ms)[0m  [1m[35mCREATE DATABASE "chat-app-dev-db" ENCODING = 'unicode'[0m
  [1m[35m (108.4ms)[0m  [1m[35mCREATE DATABASE "chat-app-test-db" ENCODING = 'unicode'[0m
[dotenv] Set [36mCHAT_APP_DATABASE_PASSWORD[0m, [36mCHAT_APP_DATABASE_USERNAME[0m, [36mCHAT_APP_DATABASE_DEVELOP[0m, [36mCHAT_APP_DATABASE_HOST[0m, [36mCHAT_APP_DATABASE_TEST[0m, [36mCHAT_APP_DATABASE_PASSWORD_TEST[0m, [36mCHAT_APP_DATABASE_USERNAME_TEST[0m, and [36mCHAT_APP_DATABASE_HOST_TEST[0m
[dotenv] Loaded [33m.env[0m
[dotenv] Loaded [33m.env[0m
  [1m[35m (49.4ms)[0m  [1m[35mDROP DATABASE IF EXISTS "chat-app-dev-db"[0m
  [1m[35m (56.4ms)[0m  [1m[35mDROP DATABASE IF EXISTS "chat-app-test-db"[0m
[dotenv] Set [36mCHAT_APP_DATABASE_PASSWORD[0m, [36mCHAT_APP_DATABASE_USERNAME[0m, [36mCHAT_APP_DATABASE_DEVELOP[0m, [36mCHAT_APP_DATABASE_HOST[0m, [36mCHAT_APP_DATABASE_TEST[0m, [36mCHAT_APP_DATABASE_PASSWORD_TEST[0m, [36mCHAT_APP_DATABASE_USERNAME_TEST[0m, and [36mCHAT_APP_DATABASE_HOST_TEST[0m
[dotenv] Loaded [33m.env[0m
[dotenv] Loaded [33m.env[0m
  [1m[35m (212.2ms)[0m  [1m[35mCREATE DATABASE "chat-app-dev-db" ENCODING = 'unicode'[0m
  [1m[35m (111.8ms)[0m  [1m[35mCREATE DATABASE "chat-app-test-db" ENCODING = 'unicode'[0m
[dotenv] Set [36mCHAT_APP_DATABASE_PASSWORD[0m, [36mCHAT_APP_DATABASE_USERNAME[0m, [36mCHAT_APP_DATABASE_DEVELOP[0m, [36mCHAT_APP_DATABASE_HOST[0m, [36mCHAT_APP_DATABASE_TEST[0m, [36mCHAT_APP_DATABASE_PASSWORD_TEST[0m, [36mCHAT_APP_DATABASE_USERNAME_TEST[0m, and [36mCHAT_APP_DATABASE_HOST_TEST[0m
[dotenv] Loaded [33m.env[0m
[dotenv] Loaded [33m.env[0m
[dotenv] Set [36mCHAT_APP_DATABASE_PASSWORD[0m, [36mCHAT_APP_DATABASE_USERNAME[0m, [36mCHAT_APP_DATABASE_DEVELOP[0m, [36mCHAT_APP_DATABASE_HOST[0m, [36mCHAT_APP_DATABASE_TEST[0m, [36mCHAT_APP_DATABASE_PASSWORD_TEST[0m, [36mCHAT_APP_DATABASE_USERNAME_TEST[0m, and [36mCHAT_APP_DATABASE_HOST_TEST[0m
[dotenv] Loaded [33m.env[0m
[dotenv] Loaded [33m.env[0m
[dotenv] Set [36mCHAT_APP_DATABASE_PASSWORD[0m, [36mCHAT_APP_DATABASE_USERNAME[0m, [36mCHAT_APP_DATABASE_DEVELOP[0m, [36mCHAT_APP_DATABASE_HOST[0m, [36mCHAT_APP_DATABASE_TEST[0m, [36mCHAT_APP_DATABASE_PASSWORD_TEST[0m, [36mCHAT_APP_DATABASE_USERNAME_TEST[0m, and [36mCHAT_APP_DATABASE_HOST_TEST[0m
[dotenv] Loaded [33m.env[0m
[dotenv] Loaded [33m.env[0m
[dotenv] Set [36mCHAT_APP_DATABASE_PASSWORD[0m, [36mCHAT_APP_DATABASE_USERNAME[0m, [36mCHAT_APP_DATABASE_DEVELOP[0m, [36mCHAT_APP_DATABASE_HOST[0m, [36mCHAT_APP_DATABASE_TEST[0m, [36mCHAT_APP_DATABASE_PASSWORD_TEST[0m, [36mCHAT_APP_DATABASE_USERNAME_TEST[0m, and [36mCHAT_APP_DATABASE_HOST_TEST[0m
[dotenv] Loaded [33m.env[0m
[dotenv] Loaded [33m.env[0m
[dotenv] Set [36mCHAT_APP_DATABASE_PASSWORD[0m, [36mCHAT_APP_DATABASE_USERNAME[0m, [36mCHAT_APP_DATABASE_DEVELOP[0m, [36mCHAT_APP_DATABASE_HOST[0m, [36mCHAT_APP_DATABASE_TEST[0m, [36mCHAT_APP_DATABASE_PASSWORD_TEST[0m, [36mCHAT_APP_DATABASE_USERNAME_TEST[0m, and [36mCHAT_APP_DATABASE_HOST_TEST[0m
[dotenv] Loaded [33m.env[0m
[dotenv] Loaded [33m.env[0m
[dotenv] Set [36mCHAT_APP_DATABASE_PASSWORD[0m, [36mCHAT_APP_DATABASE_USERNAME[0m, [36mCHAT_APP_DATABASE_DEVELOP[0m, [36mCHAT_APP_DATABASE_HOST[0m, [36mCHAT_APP_DATABASE_TEST[0m, [36mCHAT_APP_DATABASE_PASSWORD_TEST[0m, [36mCHAT_APP_DATABASE_USERNAME_TEST[0m, and [36mCHAT_APP_DATABASE_HOST_TEST[0m
[dotenv] Loaded [33m.env[0m
[dotenv] Loaded [33m.env[0m
[dotenv] Set [36mCHAT_APP_DATABASE_PASSWORD[0m, [36mCHAT_APP_DATABASE_USERNAME[0m, [36mCHAT_APP_DATABASE_DEVELOP[0m, [36mCHAT_APP_DATABASE_HOST[0m, [36mCHAT_APP_DATABASE_TEST[0m, [36mCHAT_APP_DATABASE_PASSWORD_TEST[0m, [36mCHAT_APP_DATABASE_USERNAME_TEST[0m, and [36mCHAT_APP_DATABASE_HOST_TEST[0m
[dotenv] Loaded [33m.env[0m
[dotenv] Loaded [33m.env[0m
[dotenv] Set [36mCHAT_APP_DATABASE_PASSWORD[0m, [36mCHAT_APP_DATABASE_USERNAME[0m, [36mCHAT_APP_DATABASE_DEVELOP[0m, [36mCHAT_APP_DATABASE_HOST[0m, [36mCHAT_APP_DATABASE_TEST[0m, [36mCHAT_APP_DATABASE_PASSWORD_TEST[0m, [36mCHAT_APP_DATABASE_USERNAME_TEST[0m, and [36mCHAT_APP_DATABASE_HOST_TEST[0m
[dotenv] Loaded [33m.env[0m
[dotenv] Loaded [33m.env[0m
[dotenv] Set [36mCHAT_APP_DATABASE_PASSWORD[0m, [36mCHAT_APP_DATABASE_USERNAME[0m, [36mCHAT_APP_DATABASE_DEVELOP[0m, [36mCHAT_APP_DATABASE_HOST[0m, [36mCHAT_APP_DATABASE_TEST[0m, [36mCHAT_APP_DATABASE_PASSWORD_TEST[0m, [36mCHAT_APP_DATABASE_USERNAME_TEST[0m, and [36mCHAT_APP_DATABASE_HOST_TEST[0m
[dotenv] Loaded [33m.env[0m
[dotenv] Loaded [33m.env[0m
[dotenv] Set [36mCHAT_APP_DATABASE_PASSWORD[0m, [36mCHAT_APP_DATABASE_USERNAME[0m, [36mCHAT_APP_DATABASE_DEVELOP[0m, [36mCHAT_APP_DATABASE_HOST[0m, [36mCHAT_APP_DATABASE_TEST[0m, [36mCHAT_APP_DATABASE_PASSWORD_TEST[0m, [36mCHAT_APP_DATABASE_USERNAME_TEST[0m, and [36mCHAT_APP_DATABASE_HOST_TEST[0m
[dotenv] Loaded [33m.env[0m
[dotenv] Loaded [33m.env[0m
[dotenv] Set [36mCHAT_APP_DATABASE_PASSWORD[0m, [36mCHAT_APP_DATABASE_USERNAME[0m, [36mCHAT_APP_DATABASE_DEVELOP[0m, [36mCHAT_APP_DATABASE_HOST[0m, [36mCHAT_APP_DATABASE_TEST[0m, [36mCHAT_APP_DATABASE_PASSWORD_TEST[0m, [36mCHAT_APP_DATABASE_USERNAME_TEST[0m, and [36mCHAT_APP_DATABASE_HOST_TEST[0m
[dotenv] Loaded [33m.env[0m
[dotenv] Loaded [33m.env[0m
[dotenv] Set [36mCHAT_APP_DATABASE_PASSWORD[0m, [36mCHAT_APP_DATABASE_USERNAME[0m, [36mCHAT_APP_DATABASE_DEVELOP[0m, [36mCHAT_APP_DATABASE_HOST[0m, [36mCHAT_APP_DATABASE_TEST[0m, [36mCHAT_APP_DATABASE_PASSWORD_TEST[0m, [36mCHAT_APP_DATABASE_USERNAME_TEST[0m, and [36mCHAT_APP_DATABASE_HOST_TEST[0m
[dotenv] Loaded [33m.env[0m
[dotenv] Loaded [33m.env[0m
[dotenv] Set [36mCHAT_APP_DATABASE_PASSWORD[0m, [36mCHAT_APP_DATABASE_USERNAME[0m, [36mCHAT_APP_DATABASE_DEVELOP[0m, [36mCHAT_APP_DATABASE_HOST[0m, [36mCHAT_APP_DATABASE_TEST[0m, [36mCHAT_APP_DATABASE_PASSWORD_TEST[0m, [36mCHAT_APP_DATABASE_USERNAME_TEST[0m, and [36mCHAT_APP_DATABASE_HOST_TEST[0m
[dotenv] Loaded [33m.env[0m
[dotenv] Loaded [33m.env[0m
[dotenv] Set [36mCHAT_APP_DATABASE_PASSWORD[0m, [36mCHAT_APP_DATABASE_USERNAME[0m, [36mCHAT_APP_DATABASE_DEVELOP[0m, [36mCHAT_APP_DATABASE_HOST[0m, [36mCHAT_APP_DATABASE_TEST[0m, [36mCHAT_APP_DATABASE_PASSWORD_TEST[0m, [36mCHAT_APP_DATABASE_USERNAME_TEST[0m, and [36mCHAT_APP_DATABASE_HOST_TEST[0m
[dotenv] Loaded [33m.env[0m
[dotenv] Loaded [33m.env[0m
[dotenv] Set [36mCHAT_APP_DATABASE_PASSWORD[0m, [36mCHAT_APP_DATABASE_USERNAME[0m, [36mCHAT_APP_DATABASE_DEVELOP[0m, [36mCHAT_APP_DATABASE_HOST[0m, [36mCHAT_APP_DATABASE_TEST[0m, [36mCHAT_APP_DATABASE_PASSWORD_TEST[0m, [36mCHAT_APP_DATABASE_USERNAME_TEST[0m, and [36mCHAT_APP_DATABASE_HOST_TEST[0m
[dotenv] Loaded [33m.env[0m
[dotenv] Loaded [33m.env[0m
[dotenv] Set [36mCHAT_APP_DATABASE_PASSWORD[0m, [36mCHAT_APP_DATABASE_USERNAME[0m, [36mCHAT_APP_DATABASE_DEVELOP[0m, [36mCHAT_APP_DATABASE_HOST[0m, [36mCHAT_APP_DATABASE_TEST[0m, [36mCHAT_APP_DATABASE_PASSWORD_TEST[0m, [36mCHAT_APP_DATABASE_USERNAME_TEST[0m, and [36mCHAT_APP_DATABASE_HOST_TEST[0m
[dotenv] Loaded [33m.env[0m
[dotenv] Loaded [33m.env[0m
  [1m[35m (3.6ms)[0m  [1m[35mCREATE DATABASE "chat-app-dev-db" ENCODING = 'unicode'[0m
  [1m[35m (0.5ms)[0m  [1m[35mCREATE DATABASE "chat-app-test-db" ENCODING = 'unicode'[0m
[dotenv] Set [36mCHAT_APP_DATABASE_PASSWORD[0m, [36mCHAT_APP_DATABASE_USERNAME[0m, [36mCHAT_APP_DATABASE_DEVELOP[0m, [36mCHAT_APP_DATABASE_HOST[0m, [36mCHAT_APP_DATABASE_TEST[0m, [36mCHAT_APP_DATABASE_PASSWORD_TEST[0m, [36mCHAT_APP_DATABASE_USERNAME_TEST[0m, and [36mCHAT_APP_DATABASE_HOST_TEST[0m
[dotenv] Loaded [33m.env[0m
[dotenv] Loaded [33m.env[0m
  [1m[35m (55.8ms)[0m  [1m[35mDROP DATABASE IF EXISTS "chat-app-dev-db"[0m
  [1m[35m (63.6ms)[0m  [1m[35mDROP DATABASE IF EXISTS "chat-app-test-db"[0m
[dotenv] Set [36mCHAT_APP_DATABASE_PASSWORD[0m, [36mCHAT_APP_DATABASE_USERNAME[0m, [36mCHAT_APP_DATABASE_DEVELOP[0m, [36mCHAT_APP_DATABASE_HOST[0m, [36mCHAT_APP_DATABASE_TEST[0m, [36mCHAT_APP_DATABASE_PASSWORD_TEST[0m, [36mCHAT_APP_DATABASE_USERNAME_TEST[0m, and [36mCHAT_APP_DATABASE_HOST_TEST[0m
[dotenv] Loaded [33m.env[0m
[dotenv] Loaded [33m.env[0m
  [1m[35m (258.3ms)[0m  [1m[35mCREATE DATABASE "chat-app-dev-db" ENCODING = 'unicode'[0m
  [1m[35m (217.6ms)[0m  [1m[35mCREATE DATABASE "chat-app-test-db" ENCODING = 'unicode'[0m
[dotenv] Set [36mCHAT_APP_DATABASE_PASSWORD[0m, [36mCHAT_APP_DATABASE_USERNAME[0m, [36mCHAT_APP_DATABASE_DEVELOP[0m, [36mCHAT_APP_DATABASE_HOST[0m, [36mCHAT_APP_DATABASE_TEST[0m, [36mCHAT_APP_DATABASE_PASSWORD_TEST[0m, [36mCHAT_APP_DATABASE_USERNAME_TEST[0m, and [36mCHAT_APP_DATABASE_HOST_TEST[0m
[dotenv] Loaded [33m.env[0m
[dotenv] Loaded [33m.env[0m
  [1m[35m (26.2ms)[0m  [1m[35mCREATE TABLE "schema_migrations" ("version" character varying NOT NULL PRIMARY KEY)[0m
  [1m[35m (11.6ms)[0m  [1m[35mCREATE TABLE "ar_internal_metadata" ("key" character varying NOT NULL PRIMARY KEY, "value" character varying, "created_at" timestamp(6) NOT NULL, "updated_at" timestamp(6) NOT NULL)[0m
  [1m[35m (0.4ms)[0m  [1m[34mSELECT pg_try_advisory_lock(2784449291698216800)[0m
  [1m[36mActiveRecord::SchemaMigration Load (0.8ms)[0m  [1m[34mSELECT "schema_migrations"."version" FROM "schema_migrations" ORDER BY "schema_migrations"."version" ASC[0m
  [1m[36mActiveRecord::InternalMetadata Load (2.3ms)[0m  [1m[34mSELECT * FROM "ar_internal_metadata" WHERE "ar_internal_metadata"."key" = $1 ORDER BY "ar_internal_metadata"."key" ASC LIMIT 1[0m  [[nil, "environment"]]
  [1m[36mActiveRecord::InternalMetadata Create (4.2ms)[0m  [1m[32mINSERT INTO "ar_internal_metadata" ("key", "value", "created_at", "updated_at") VALUES ('environment', 'development', '2024-07-14 00:02:07.734636', '2024-07-14 00:02:07.734639') RETURNING "key"[0m
Migrating to CreateUsers (20240707053953)
  [1m[35m (0.8ms)[0m  [1m[34mSELECT pg_advisory_unlock(2784449291698216800)[0m
[dotenv] Set [36mCHAT_APP_DATABASE_PASSWORD[0m, [36mCHAT_APP_DATABASE_USERNAME[0m, [36mCHAT_APP_DATABASE_DEVELOP[0m, [36mCHAT_APP_DATABASE_HOST[0m, [36mCHAT_APP_DATABASE_TEST[0m, [36mCHAT_APP_DATABASE_PASSWORD_TEST[0m, [36mCHAT_APP_DATABASE_USERNAME_TEST[0m, and [36mCHAT_APP_DATABASE_HOST_TEST[0m
[dotenv] Loaded [33m.env[0m
[dotenv] Loaded [33m.env[0m
  [1m[35m (0.2ms)[0m  [1m[34mSELECT pg_try_advisory_lock(2784449291698216800)[0m
  [1m[36mActiveRecord::SchemaMigration Load (0.5ms)[0m  [1m[34mSELECT "schema_migrations"."version" FROM "schema_migrations" ORDER BY "schema_migrations"."version" ASC[0m
  [1m[36mActiveRecord::InternalMetadata Load (0.7ms)[0m  [1m[34mSELECT * FROM "ar_internal_metadata" WHERE "ar_internal_metadata"."key" = $1 ORDER BY "ar_internal_metadata"."key" ASC LIMIT 1[0m  [[nil, "environment"]]
Migrating to CreateUsers (20240707053953)
  [1m[36mTRANSACTION (0.4ms)[0m  [1m[35mBEGIN[0m
  [1m[35m (14.9ms)[0m  [1m[35mCREATE TABLE "users" ("id" bigserial primary key, "name" character varying, "username" character varying, "email" character varying, "password" character varying, "birth_date" timestamp(6), "deleted_at" timestamp(6), "active" boolean, "created_at" timestamp(6) NOT NULL, "updated_at" timestamp(6) NOT NULL)[0m
  [1m[36mActiveRecord::SchemaMigration Create (0.8ms)[0m  [1m[32mINSERT INTO "schema_migrations" ("version") VALUES ('20240707053953') RETURNING "version"[0m
  [1m[36mTRANSACTION (2.1ms)[0m  [1m[35mCOMMIT[0m
Migrating to CreateConversations (20240707053954)
  [1m[36mTRANSACTION (0.2ms)[0m  [1m[35mBEGIN[0m
  [1m[35m (11.4ms)[0m  [1m[35mCREATE TABLE "conversations" ("id" bigserial primary key, "is_private" boolean, "title" character varying, "admin_id" bigint NOT NULL, "deleted_at" timestamp(6), "created_at" timestamp(6) NOT NULL, "updated_at" timestamp(6) NOT NULL, CONSTRAINT "fk_rails_8fc2a42834"
FOREIGN KEY ("admin_id")
  REFERENCES "users" ("id")
)[0m
  [1m[35m (3.5ms)[0m  [1m[35mCREATE INDEX "index_conversations_on_admin_id" ON "conversations" ("admin_id")[0m
  [1m[36mActiveRecord::SchemaMigration Create (0.3ms)[0m  [1m[32mINSERT INTO "schema_migrations" ("version") VALUES ('20240707053954') RETURNING "version"[0m
  [1m[36mTRANSACTION (2.4ms)[0m  [1m[35mCOMMIT[0m
Migrating to CreateMessages (20240707053955)
  [1m[36mTRANSACTION (0.5ms)[0m  [1m[35mBEGIN[0m
  [1m[35m (9.5ms)[0m  [1m[35mCREATE TABLE "messages" ("id" bigserial primary key, "content" character varying NOT NULL, "deleted_at" timestamp(6), "conversation_id" bigint NOT NULL, "user_id" bigint NOT NULL, "created_at" timestamp(6) NOT NULL, "updated_at" timestamp(6) NOT NULL, CONSTRAINT "fk_rails_7f927086d2"
FOREIGN KEY ("conversation_id")
  REFERENCES "conversations" ("id")
, CONSTRAINT "fk_rails_273a25a7a6"
FOREIGN KEY ("user_id")
  REFERENCES "users" ("id")
)[0m
  [1m[35m (4.0ms)[0m  [1m[35mCREATE INDEX "index_messages_on_conversation_id" ON "messages" ("conversation_id")[0m
  [1m[35m (2.8ms)[0m  [1m[35mCREATE INDEX "index_messages_on_user_id" ON "messages" ("user_id")[0m
  [1m[36mActiveRecord::SchemaMigration Create (0.3ms)[0m  [1m[32mINSERT INTO "schema_migrations" ("version") VALUES ('20240707053955') RETURNING "version"[0m
  [1m[36mTRANSACTION (1.5ms)[0m  [1m[35mCOMMIT[0m
Migrating to CreateConversationParticipants (20240711071256)
  [1m[36mTRANSACTION (0.3ms)[0m  [1m[35mBEGIN[0m
  [1m[35m (8.7ms)[0m  [1m[35mCREATE TABLE "conversation_participants" ("id" bigserial primary key, "conversation_id" bigint NOT NULL, "user_id" bigint NOT NULL, "created_at" timestamp(6) NOT NULL, "updated_at" timestamp(6) NOT NULL, CONSTRAINT "fk_rails_d4fdd4cae0"
FOREIGN KEY ("conversation_id")
  REFERENCES "conversations" ("id")
, CONSTRAINT "fk_rails_39b25ba31e"
FOREIGN KEY ("user_id")
  REFERENCES "users" ("id")
)[0m
  [1m[35m (2.9ms)[0m  [1m[35mCREATE INDEX "index_conversation_participants_on_conversation_id" ON "conversation_participants" ("conversation_id")[0m
  [1m[35m (3.7ms)[0m  [1m[35mCREATE INDEX "index_conversation_participants_on_user_id" ON "conversation_participants" ("user_id")[0m
  [1m[36mActiveRecord::SchemaMigration Create (0.3ms)[0m  [1m[32mINSERT INTO "schema_migrations" ("version") VALUES ('20240711071256') RETURNING "version"[0m
  [1m[36mTRANSACTION (3.0ms)[0m  [1m[35mCOMMIT[0m
Migrating to AddDeviseToUsers (20240713214922)
  [1m[36mTRANSACTION (0.2ms)[0m  [1m[35mBEGIN[0m
  [1m[35m (2.0ms)[0m  [1m[35mALTER TABLE "users" ADD "email" character varying DEFAULT '' NOT NULL[0m
  [1m[36mTRANSACTION (0.2ms)[0m  [1m[31mROLLBACK[0m
  [1m[35m (0.2ms)[0m  [1m[34mSELECT pg_advisory_unlock(2784449291698216800)[0m
[dotenv] Set [36mCHAT_APP_DATABASE_PASSWORD[0m, [36mCHAT_APP_DATABASE_USERNAME[0m, [36mCHAT_APP_DATABASE_DEVELOP[0m, [36mCHAT_APP_DATABASE_HOST[0m, [36mCHAT_APP_DATABASE_TEST[0m, [36mCHAT_APP_DATABASE_PASSWORD_TEST[0m, [36mCHAT_APP_DATABASE_USERNAME_TEST[0m, and [36mCHAT_APP_DATABASE_HOST_TEST[0m
[dotenv] Loaded [33m.env[0m
[dotenv] Loaded [33m.env[0m
[dotenv] Set [36mCHAT_APP_DATABASE_PASSWORD[0m, [36mCHAT_APP_DATABASE_USERNAME[0m, [36mCHAT_APP_DATABASE_DEVELOP[0m, [36mCHAT_APP_DATABASE_HOST[0m, [36mCHAT_APP_DATABASE_TEST[0m, [36mCHAT_APP_DATABASE_PASSWORD_TEST[0m, [36mCHAT_APP_DATABASE_USERNAME_TEST[0m, and [36mCHAT_APP_DATABASE_HOST_TEST[0m
[dotenv] Loaded [33m.env[0m
[dotenv] Loaded [33m.env[0m
  [1m[35m (0.3ms)[0m  [1m[34mSELECT pg_try_advisory_lock(2784449291698216800)[0m
  [1m[36mActiveRecord::SchemaMigration Load (1.0ms)[0m  [1m[34mSELECT "schema_migrations"."version" FROM "schema_migrations" ORDER BY "schema_migrations"."version" ASC[0m
  [1m[36mActiveRecord::InternalMetadata Load (0.8ms)[0m  [1m[34mSELECT * FROM "ar_internal_metadata" WHERE "ar_internal_metadata"."key" = $1 ORDER BY "ar_internal_metadata"."key" ASC LIMIT 1[0m  [[nil, "environment"]]
Migrating to AddDeviseToUsers (20240714003750)
  [1m[36mTRANSACTION (0.3ms)[0m  [1m[35mBEGIN[0m
  [1m[35m (3.2ms)[0m  [1m[35mALTER TABLE "users" ADD "email" character varying DEFAULT '' NOT NULL[0m
  [1m[36mTRANSACTION (0.4ms)[0m  [1m[31mROLLBACK[0m
  [1m[35m (0.3ms)[0m  [1m[34mSELECT pg_advisory_unlock(2784449291698216800)[0m
[dotenv] Set [36mCHAT_APP_DATABASE_PASSWORD[0m, [36mCHAT_APP_DATABASE_USERNAME[0m, [36mCHAT_APP_DATABASE_DEVELOP[0m, [36mCHAT_APP_DATABASE_HOST[0m, [36mCHAT_APP_DATABASE_TEST[0m, [36mCHAT_APP_DATABASE_PASSWORD_TEST[0m, [36mCHAT_APP_DATABASE_USERNAME_TEST[0m, and [36mCHAT_APP_DATABASE_HOST_TEST[0m
[dotenv] Loaded [33m.env[0m
[dotenv] Loaded [33m.env[0m
  [1m[35m (0.2ms)[0m  [1m[34mSELECT pg_try_advisory_lock(2784449291698216800)[0m
  [1m[36mActiveRecord::SchemaMigration Load (0.5ms)[0m  [1m[34mSELECT "schema_migrations"."version" FROM "schema_migrations" ORDER BY "schema_migrations"."version" ASC[0m
  [1m[36mActiveRecord::InternalMetadata Load (0.6ms)[0m  [1m[34mSELECT * FROM "ar_internal_metadata" WHERE "ar_internal_metadata"."key" = $1 ORDER BY "ar_internal_metadata"."key" ASC LIMIT 1[0m  [[nil, "environment"]]
  [1m[35m (0.3ms)[0m  [1m[34mSELECT pg_advisory_unlock(2784449291698216800)[0m
  [1m[36mActiveRecord::SchemaMigration Load (0.1ms)[0m  [1m[34mSELECT "schema_migrations"."version" FROM "schema_migrations" ORDER BY "schema_migrations"."version" ASC[0m
[dotenv] Set [36mCHAT_APP_DATABASE_PASSWORD[0m, [36mCHAT_APP_DATABASE_USERNAME[0m, [36mCHAT_APP_DATABASE_DEVELOP[0m, [36mCHAT_APP_DATABASE_HOST[0m, [36mCHAT_APP_DATABASE_TEST[0m, [36mCHAT_APP_DATABASE_PASSWORD_TEST[0m, [36mCHAT_APP_DATABASE_USERNAME_TEST[0m, and [36mCHAT_APP_DATABASE_HOST_TEST[0m
[dotenv] Loaded [33m.env[0m
[dotenv] Loaded [33m.env[0m
  [1m[36mActiveRecord::SchemaMigration Load (0.5ms)[0m  [1m[34mSELECT "schema_migrations"."version" FROM "schema_migrations" ORDER BY "schema_migrations"."version" ASC[0m
  [1m[36mActiveRecord::InternalMetadata Load (0.6ms)[0m  [1m[34mSELECT * FROM "ar_internal_metadata" WHERE "ar_internal_metadata"."key" = $1 ORDER BY "ar_internal_metadata"."key" ASC LIMIT 1[0m  [[nil, "environment"]]
  [1m[36mActiveRecord::SchemaMigration Load (0.4ms)[0m  [1m[34mSELECT "schema_migrations"."version" FROM "schema_migrations" ORDER BY "schema_migrations"."version" ASC[0m
  [1m[36mActiveRecord::InternalMetadata Load (0.3ms)[0m  [1m[34mSELECT * FROM "ar_internal_metadata" WHERE "ar_internal_metadata"."key" = $1 ORDER BY "ar_internal_metadata"."key" ASC LIMIT 1[0m  [[nil, "environment"]]
  [1m[36mActiveRecord::SchemaMigration Load (0.3ms)[0m  [1m[34mSELECT "schema_migrations"."version" FROM "schema_migrations" ORDER BY "schema_migrations"."version" ASC[0m
  [1m[36mActiveRecord::InternalMetadata Load (0.4ms)[0m  [1m[34mSELECT * FROM "ar_internal_metadata" WHERE "ar_internal_metadata"."key" = $1 ORDER BY "ar_internal_metadata"."key" ASC LIMIT 1[0m  [[nil, "environment"]]
  [1m[35m (40.8ms)[0m  [1m[35mDROP DATABASE IF EXISTS "chat-app-dev-db"[0m
  [1m[35m (34.0ms)[0m  [1m[35mDROP DATABASE IF EXISTS "chat-app-test-db"[0m
[dotenv] Set [36mCHAT_APP_DATABASE_PASSWORD[0m, [36mCHAT_APP_DATABASE_USERNAME[0m, [36mCHAT_APP_DATABASE_DEVELOP[0m, [36mCHAT_APP_DATABASE_HOST[0m, [36mCHAT_APP_DATABASE_TEST[0m, [36mCHAT_APP_DATABASE_PASSWORD_TEST[0m, [36mCHAT_APP_DATABASE_USERNAME_TEST[0m, and [36mCHAT_APP_DATABASE_HOST_TEST[0m
[dotenv] Loaded [33m.env[0m
[dotenv] Loaded [33m.env[0m
[dotenv] Set [36mCHAT_APP_DATABASE_PASSWORD[0m, [36mCHAT_APP_DATABASE_USERNAME[0m, [36mCHAT_APP_DATABASE_DEVELOP[0m, [36mCHAT_APP_DATABASE_HOST[0m, [36mCHAT_APP_DATABASE_TEST[0m, [36mCHAT_APP_DATABASE_PASSWORD_TEST[0m, [36mCHAT_APP_DATABASE_USERNAME_TEST[0m, and [36mCHAT_APP_DATABASE_HOST_TEST[0m
[dotenv] Loaded [33m.env[0m
[dotenv] Loaded [33m.env[0m
  [1m[35m (202.2ms)[0m  [1m[35mCREATE DATABASE "chat-app-dev-db" ENCODING = 'unicode'[0m
  [1m[35m (106.1ms)[0m  [1m[35mCREATE DATABASE "chat-app-test-db" ENCODING = 'unicode'[0m
[dotenv] Set [36mCHAT_APP_DATABASE_PASSWORD[0m, [36mCHAT_APP_DATABASE_USERNAME[0m, [36mCHAT_APP_DATABASE_DEVELOP[0m, [36mCHAT_APP_DATABASE_HOST[0m, [36mCHAT_APP_DATABASE_TEST[0m, [36mCHAT_APP_DATABASE_PASSWORD_TEST[0m, [36mCHAT_APP_DATABASE_USERNAME_TEST[0m, and [36mCHAT_APP_DATABASE_HOST_TEST[0m
[dotenv] Loaded [33m.env[0m
[dotenv] Loaded [33m.env[0m
  [1m[35m (20.0ms)[0m  [1m[35mCREATE TABLE "schema_migrations" ("version" character varying NOT NULL PRIMARY KEY)[0m
  [1m[35m (11.0ms)[0m  [1m[35mCREATE TABLE "ar_internal_metadata" ("key" character varying NOT NULL PRIMARY KEY, "value" character varying, "created_at" timestamp(6) NOT NULL, "updated_at" timestamp(6) NOT NULL)[0m
  [1m[35m (0.4ms)[0m  [1m[34mSELECT pg_try_advisory_lock(2784449291698216800)[0m
  [1m[36mActiveRecord::SchemaMigration Load (0.6ms)[0m  [1m[34mSELECT "schema_migrations"."version" FROM "schema_migrations" ORDER BY "schema_migrations"."version" ASC[0m
  [1m[36mActiveRecord::InternalMetadata Load (0.9ms)[0m  [1m[34mSELECT * FROM "ar_internal_metadata" WHERE "ar_internal_metadata"."key" = $1 ORDER BY "ar_internal_metadata"."key" ASC LIMIT 1[0m  [[nil, "environment"]]
  [1m[36mActiveRecord::InternalMetadata Create (3.7ms)[0m  [1m[32mINSERT INTO "ar_internal_metadata" ("key", "value", "created_at", "updated_at") VALUES ('environment', 'development', '2024-07-14 00:42:47.065261', '2024-07-14 00:42:47.065264') RETURNING "key"[0m
Migrating to CreateUsers (20240707053953)
  [1m[35m (0.5ms)[0m  [1m[34mSELECT pg_advisory_unlock(2784449291698216800)[0m
[dotenv] Set [36mCHAT_APP_DATABASE_PASSWORD[0m, [36mCHAT_APP_DATABASE_USERNAME[0m, [36mCHAT_APP_DATABASE_DEVELOP[0m, [36mCHAT_APP_DATABASE_HOST[0m, [36mCHAT_APP_DATABASE_TEST[0m, [36mCHAT_APP_DATABASE_PASSWORD_TEST[0m, [36mCHAT_APP_DATABASE_USERNAME_TEST[0m, and [36mCHAT_APP_DATABASE_HOST_TEST[0m
[dotenv] Loaded [33m.env[0m
[dotenv] Loaded [33m.env[0m
  [1m[35m (0.3ms)[0m  [1m[34mSELECT pg_try_advisory_lock(2784449291698216800)[0m
  [1m[36mActiveRecord::SchemaMigration Load (0.5ms)[0m  [1m[34mSELECT "schema_migrations"."version" FROM "schema_migrations" ORDER BY "schema_migrations"."version" ASC[0m
  [1m[36mActiveRecord::InternalMetadata Load (0.7ms)[0m  [1m[34mSELECT * FROM "ar_internal_metadata" WHERE "ar_internal_metadata"."key" = $1 ORDER BY "ar_internal_metadata"."key" ASC LIMIT 1[0m  [[nil, "environment"]]
Migrating to CreateUsers (20240707053953)
  [1m[36mTRANSACTION (0.3ms)[0m  [1m[35mBEGIN[0m
  [1m[35m (14.4ms)[0m  [1m[35mCREATE TABLE "users" ("id" bigserial primary key, "name" character varying, "username" character varying, "birth_date" timestamp(6), "deleted_at" timestamp(6), "active" boolean, "email" character varying DEFAULT '' NOT NULL, "encrypted_password" character varying DEFAULT '' NOT NULL, "reset_password_token" character varying, "reset_password_sent_at" timestamp(6), "remember_created_at" timestamp(6))[0m
  [1m[35m (3.1ms)[0m  [1m[35mCREATE UNIQUE INDEX "index_users_on_email" ON "users" ("email")[0m
  [1m[35m (3.0ms)[0m  [1m[35mCREATE UNIQUE INDEX "index_users_on_reset_password_token" ON "users" ("reset_password_token")[0m
  [1m[36mActiveRecord::SchemaMigration Create (1.1ms)[0m  [1m[32mINSERT INTO "schema_migrations" ("version") VALUES ('20240707053953') RETURNING "version"[0m
  [1m[36mTRANSACTION (1.3ms)[0m  [1m[35mCOMMIT[0m
Migrating to CreateConversations (20240707053954)
  [1m[36mTRANSACTION (0.3ms)[0m  [1m[35mBEGIN[0m
  [1m[35m (11.8ms)[0m  [1m[35mCREATE TABLE "conversations" ("id" bigserial primary key, "is_private" boolean, "title" character varying, "admin_id" bigint NOT NULL, "deleted_at" timestamp(6), "created_at" timestamp(6) NOT NULL, "updated_at" timestamp(6) NOT NULL, CONSTRAINT "fk_rails_8fc2a42834"
FOREIGN KEY ("admin_id")
  REFERENCES "users" ("id")
)[0m
  [1m[35m (4.6ms)[0m  [1m[35mCREATE INDEX "index_conversations_on_admin_id" ON "conversations" ("admin_id")[0m
  [1m[36mActiveRecord::SchemaMigration Create (0.4ms)[0m  [1m[32mINSERT INTO "schema_migrations" ("version") VALUES ('20240707053954') RETURNING "version"[0m
  [1m[36mTRANSACTION (1.6ms)[0m  [1m[35mCOMMIT[0m
Migrating to CreateMessages (20240707053955)
  [1m[36mTRANSACTION (0.4ms)[0m  [1m[35mBEGIN[0m
  [1m[35m (8.4ms)[0m  [1m[35mCREATE TABLE "messages" ("id" bigserial primary key, "content" character varying NOT NULL, "deleted_at" timestamp(6), "conversation_id" bigint NOT NULL, "user_id" bigint NOT NULL, "created_at" timestamp(6) NOT NULL, "updated_at" timestamp(6) NOT NULL, CONSTRAINT "fk_rails_7f927086d2"
FOREIGN KEY ("conversation_id")
  REFERENCES "conversations" ("id")
, CONSTRAINT "fk_rails_273a25a7a6"
FOREIGN KEY ("user_id")
  REFERENCES "users" ("id")
)[0m
  [1m[35m (4.2ms)[0m  [1m[35mCREATE INDEX "index_messages_on_conversation_id" ON "messages" ("conversation_id")[0m
  [1m[35m (3.0ms)[0m  [1m[35mCREATE INDEX "index_messages_on_user_id" ON "messages" ("user_id")[0m
  [1m[36mActiveRecord::SchemaMigration Create (0.2ms)[0m  [1m[32mINSERT INTO "schema_migrations" ("version") VALUES ('20240707053955') RETURNING "version"[0m
  [1m[36mTRANSACTION (1.6ms)[0m  [1m[35mCOMMIT[0m
Migrating to CreateConversationParticipants (20240711071256)
  [1m[36mTRANSACTION (0.3ms)[0m  [1m[35mBEGIN[0m
  [1m[35m (6.6ms)[0m  [1m[35mCREATE TABLE "conversation_participants" ("id" bigserial primary key, "conversation_id" bigint NOT NULL, "user_id" bigint NOT NULL, "created_at" timestamp(6) NOT NULL, "updated_at" timestamp(6) NOT NULL, CONSTRAINT "fk_rails_d4fdd4cae0"
FOREIGN KEY ("conversation_id")
  REFERENCES "conversations" ("id")
, CONSTRAINT "fk_rails_39b25ba31e"
FOREIGN KEY ("user_id")
  REFERENCES "users" ("id")
)[0m
  [1m[35m (5.0ms)[0m  [1m[35mCREATE INDEX "index_conversation_participants_on_conversation_id" ON "conversation_participants" ("conversation_id")[0m
  [1m[35m (3.4ms)[0m  [1m[35mCREATE INDEX "index_conversation_participants_on_user_id" ON "conversation_participants" ("user_id")[0m
  [1m[36mActiveRecord::SchemaMigration Create (0.3ms)[0m  [1m[32mINSERT INTO "schema_migrations" ("version") VALUES ('20240711071256') RETURNING "version"[0m
  [1m[36mTRANSACTION (2.6ms)[0m  [1m[35mCOMMIT[0m
  [1m[35m (0.4ms)[0m  [1m[34mSELECT pg_advisory_unlock(2784449291698216800)[0m
  [1m[36mActiveRecord::SchemaMigration Load (0.2ms)[0m  [1m[34mSELECT "schema_migrations"."version" FROM "schema_migrations" ORDER BY "schema_migrations"."version" ASC[0m
